{"E:\\school_management_system\\backend\\src\\services\\class-routine\\class_routine.service.ts": {"path":"E:\\school_management_system\\backend\\src\\services\\class-routine\\class_routine.service.ts","statementMap":{"0":{"start":{"line":1,"column":0},"end":{"line":1,"column":46}},"1":{"start":{"line":4,"column":15},"end":{"line":4,"column":33}},"2":{"start":{"line":7,"column":1},"end":{"line":18,"column":2}},"3":{"start":{"line":8,"column":21},"end":{"line":10,"column":4}},"4":{"start":{"line":11,"column":2},"end":{"line":11,"column":20}},"5":{"start":{"line":13,"column":2},"end":{"line":17,"column":3}},"6":{"start":{"line":14,"column":3},"end":{"line":14,"column":15}},"7":{"start":{"line":16,"column":3},"end":{"line":16,"column":66}},"8":{"start":{"line":6,"column":0},"end":{"line":6,"column":22}},"9":{"start":{"line":22,"column":1},"end":{"line":33,"column":2}},"10":{"start":{"line":23,"column":22},"end":{"line":25,"column":4}},"11":{"start":{"line":26,"column":2},"end":{"line":26,"column":21}},"12":{"start":{"line":28,"column":2},"end":{"line":32,"column":3}},"13":{"start":{"line":29,"column":3},"end":{"line":29,"column":15}},"14":{"start":{"line":31,"column":3},"end":{"line":31,"column":77}},"15":{"start":{"line":21,"column":0},"end":{"line":21,"column":22}},"16":{"start":{"line":37,"column":1},"end":{"line":49,"column":2}},"17":{"start":{"line":38,"column":24},"end":{"line":38,"column":76}},"18":{"start":{"line":39,"column":2},"end":{"line":41,"column":3}},"19":{"start":{"line":40,"column":3},"end":{"line":40,"column":51}},"20":{"start":{"line":42,"column":2},"end":{"line":42,"column":23}},"21":{"start":{"line":44,"column":2},"end":{"line":48,"column":3}},"22":{"start":{"line":45,"column":3},"end":{"line":45,"column":15}},"23":{"start":{"line":47,"column":3},"end":{"line":47,"column":53}},"24":{"start":{"line":36,"column":0},"end":{"line":36,"column":22}},"25":{"start":{"line":53,"column":1},"end":{"line":70,"column":2}},"26":{"start":{"line":54,"column":28},"end":{"line":57,"column":4}},"27":{"start":{"line":58,"column":2},"end":{"line":60,"column":3}},"28":{"start":{"line":59,"column":3},"end":{"line":59,"column":71}},"29":{"start":{"line":61,"column":2},"end":{"line":61,"column":27}},"30":{"start":{"line":63,"column":2},"end":{"line":69,"column":3}},"31":{"start":{"line":64,"column":3},"end":{"line":64,"column":15}},"32":{"start":{"line":66,"column":3},"end":{"line":68,"column":5}},"33":{"start":{"line":52,"column":0},"end":{"line":52,"column":22}},"34":{"start":{"line":73,"column":1},"end":{"line":89,"column":2}},"35":{"start":{"line":74,"column":21},"end":{"line":74,"column":74}},"36":{"start":{"line":75,"column":2},"end":{"line":77,"column":3}},"37":{"start":{"line":76,"column":3},"end":{"line":76,"column":62}},"38":{"start":{"line":78,"column":28},"end":{"line":78,"column":77}},"39":{"start":{"line":79,"column":2},"end":{"line":81,"column":3}},"40":{"start":{"line":80,"column":3},"end":{"line":80,"column":63}},"41":{"start":{"line":82,"column":2},"end":{"line":82,"column":14}},"42":{"start":{"line":84,"column":2},"end":{"line":88,"column":3}},"43":{"start":{"line":85,"column":3},"end":{"line":85,"column":15}},"44":{"start":{"line":87,"column":3},"end":{"line":87,"column":76}},"45":{"start":{"line":72,"column":0},"end":{"line":72,"column":22}},"46":{"start":{"line":93,"column":1},"end":{"line":109,"column":2}},"47":{"start":{"line":94,"column":22},"end":{"line":94,"column":76}},"48":{"start":{"line":95,"column":2},"end":{"line":97,"column":3}},"49":{"start":{"line":96,"column":3},"end":{"line":96,"column":62}},"50":{"start":{"line":98,"column":29},"end":{"line":98,"column":79}},"51":{"start":{"line":99,"column":2},"end":{"line":101,"column":3}},"52":{"start":{"line":100,"column":3},"end":{"line":100,"column":64}},"53":{"start":{"line":102,"column":2},"end":{"line":102,"column":14}},"54":{"start":{"line":104,"column":2},"end":{"line":108,"column":3}},"55":{"start":{"line":105,"column":3},"end":{"line":105,"column":15}},"56":{"start":{"line":107,"column":3},"end":{"line":107,"column":78}},"57":{"start":{"line":92,"column":0},"end":{"line":92,"column":22}}},"fnMap":{"0":{"name":"getDayRoutine","decl":{"start":{"line":6,"column":22},"end":{"line":6,"column":35}},"loc":{"start":{"line":6,"column":46},"end":{"line":19,"column":null}}},"1":{"name":"getDayRoutines","decl":{"start":{"line":21,"column":22},"end":{"line":21,"column":36}},"loc":{"start":{"line":21,"column":47},"end":{"line":34,"column":null}}},"2":{"name":"addDayRoutine","decl":{"start":{"line":36,"column":22},"end":{"line":36,"column":35}},"loc":{"start":{"line":36,"column":59},"end":{"line":50,"column":null}}},"3":{"name":"updateDayRoutine","decl":{"start":{"line":52,"column":22},"end":{"line":52,"column":38}},"loc":{"start":{"line":52,"column":68},"end":{"line":71,"column":null}}},"4":{"name":"deleteDayRoutine","decl":{"start":{"line":72,"column":22},"end":{"line":72,"column":38}},"loc":{"start":{"line":72,"column":49},"end":{"line":90,"column":null}}},"5":{"name":"deleteWeekRoutine","decl":{"start":{"line":92,"column":22},"end":{"line":92,"column":39}},"loc":{"start":{"line":92,"column":50},"end":{"line":110,"column":null}}}},"branchMap":{"0":{"loc":{"start":{"line":13,"column":2},"end":{"line":17,"column":3}},"type":"if","locations":[{"start":{"line":13,"column":2},"end":{"line":17,"column":3}},{"start":{"line":15,"column":9},"end":{"line":17,"column":3}}]},"1":{"loc":{"start":{"line":28,"column":2},"end":{"line":32,"column":3}},"type":"if","locations":[{"start":{"line":28,"column":2},"end":{"line":32,"column":3}},{"start":{"line":30,"column":9},"end":{"line":32,"column":3}}]},"2":{"loc":{"start":{"line":39,"column":2},"end":{"line":41,"column":3}},"type":"if","locations":[{"start":{"line":39,"column":2},"end":{"line":41,"column":3}}]},"3":{"loc":{"start":{"line":44,"column":2},"end":{"line":48,"column":3}},"type":"if","locations":[{"start":{"line":44,"column":2},"end":{"line":48,"column":3}},{"start":{"line":46,"column":9},"end":{"line":48,"column":3}}]},"4":{"loc":{"start":{"line":58,"column":2},"end":{"line":60,"column":3}},"type":"if","locations":[{"start":{"line":58,"column":2},"end":{"line":60,"column":3}}]},"5":{"loc":{"start":{"line":63,"column":2},"end":{"line":69,"column":3}},"type":"if","locations":[{"start":{"line":63,"column":2},"end":{"line":69,"column":3}},{"start":{"line":65,"column":9},"end":{"line":69,"column":3}}]},"6":{"loc":{"start":{"line":75,"column":2},"end":{"line":77,"column":3}},"type":"if","locations":[{"start":{"line":75,"column":2},"end":{"line":77,"column":3}}]},"7":{"loc":{"start":{"line":79,"column":2},"end":{"line":81,"column":3}},"type":"if","locations":[{"start":{"line":79,"column":2},"end":{"line":81,"column":3}}]},"8":{"loc":{"start":{"line":84,"column":2},"end":{"line":88,"column":3}},"type":"if","locations":[{"start":{"line":84,"column":2},"end":{"line":88,"column":3}},{"start":{"line":86,"column":9},"end":{"line":88,"column":3}}]},"9":{"loc":{"start":{"line":95,"column":2},"end":{"line":97,"column":3}},"type":"if","locations":[{"start":{"line":95,"column":2},"end":{"line":97,"column":3}}]},"10":{"loc":{"start":{"line":99,"column":2},"end":{"line":101,"column":3}},"type":"if","locations":[{"start":{"line":99,"column":2},"end":{"line":101,"column":3}}]},"11":{"loc":{"start":{"line":104,"column":2},"end":{"line":108,"column":3}},"type":"if","locations":[{"start":{"line":104,"column":2},"end":{"line":108,"column":3}},{"start":{"line":106,"column":9},"end":{"line":108,"column":3}}]}},"s":{"0":1,"1":1,"2":1,"3":1,"4":1,"5":0,"6":0,"7":0,"8":1,"9":1,"10":1,"11":1,"12":0,"13":0,"14":0,"15":1,"16":4,"17":4,"18":4,"19":0,"20":4,"21":0,"22":0,"23":0,"24":1,"25":1,"26":1,"27":1,"28":0,"29":1,"30":0,"31":0,"32":0,"33":1,"34":3,"35":3,"36":3,"37":0,"38":3,"39":3,"40":0,"41":3,"42":0,"43":0,"44":0,"45":1,"46":1,"47":1,"48":1,"49":0,"50":1,"51":1,"52":0,"53":1,"54":0,"55":0,"56":0,"57":1},"f":{"0":1,"1":1,"2":4,"3":1,"4":3,"5":1},"b":{"0":[0,0],"1":[0,0],"2":[0],"3":[0,0],"4":[0],"5":[0,0],"6":[0],"7":[0],"8":[0,0],"9":[0],"10":[0],"11":[0,0]}}
,"E:\\school_management_system\\backend\\src\\utils\\bcrypt.ts": {"path":"E:\\school_management_system\\backend\\src\\utils\\bcrypt.ts","statementMap":{"0":{"start":{"line":1,"column":0},"end":{"line":1,"column":39}},"1":{"start":{"line":4,"column":1},"end":{"line":14,"column":2}},"2":{"start":{"line":5,"column":21},"end":{"line":5,"column":23}},"3":{"start":{"line":6,"column":25},"end":{"line":6,"column":57}},"4":{"start":{"line":7,"column":2},"end":{"line":7,"column":24}},"5":{"start":{"line":9,"column":2},"end":{"line":13,"column":3}},"6":{"start":{"line":10,"column":3},"end":{"line":10,"column":63}},"7":{"start":{"line":12,"column":3},"end":{"line":12,"column":53}},"8":{"start":{"line":3,"column":0},"end":{"line":3,"column":22}},"9":{"start":{"line":21,"column":1},"end":{"line":30,"column":2}},"10":{"start":{"line":22,"column":16},"end":{"line":22,"column":55}},"11":{"start":{"line":23,"column":2},"end":{"line":23,"column":15}},"12":{"start":{"line":25,"column":2},"end":{"line":29,"column":3}},"13":{"start":{"line":26,"column":3},"end":{"line":26,"column":63}},"14":{"start":{"line":28,"column":3},"end":{"line":28,"column":56}},"15":{"start":{"line":17,"column":0},"end":{"line":17,"column":22}}},"fnMap":{"0":{"name":"hashPassword","decl":{"start":{"line":3,"column":22},"end":{"line":3,"column":34}},"loc":{"start":{"line":3,"column":51},"end":{"line":15,"column":null}}},"1":{"name":"comparePasswords","decl":{"start":{"line":17,"column":22},"end":{"line":17,"column":38}},"loc":{"start":{"line":19,"column":23},"end":{"line":31,"column":null}}}},"branchMap":{"0":{"loc":{"start":{"line":9,"column":2},"end":{"line":13,"column":3}},"type":"if","locations":[{"start":{"line":9,"column":2},"end":{"line":13,"column":3}},{"start":{"line":11,"column":9},"end":{"line":13,"column":3}}]},"1":{"loc":{"start":{"line":25,"column":2},"end":{"line":29,"column":3}},"type":"if","locations":[{"start":{"line":25,"column":2},"end":{"line":29,"column":3}},{"start":{"line":27,"column":9},"end":{"line":29,"column":3}}]}},"s":{"0":1,"1":2,"2":2,"3":2,"4":1,"5":1,"6":1,"7":0,"8":1,"9":1,"10":1,"11":1,"12":0,"13":0,"14":0,"15":1},"f":{"0":2,"1":1},"b":{"0":[1,0],"1":[0,0]}}
}
