TN:
SF:src\services\class-routine\class_routine.service.ts
FN:6,getDayRoutine
FN:21,getDayRoutines
FN:36,addDayRoutine
FN:52,updateDayRoutine
FN:71,deleteDayRoutine
FN:86,deleteWeekRoutine
FNF:6
FNH:2
FNDA:1,getDayRoutine
FNDA:0,getDayRoutines
FNDA:1,addDayRoutine
FNDA:0,updateDayRoutine
FNDA:0,deleteDayRoutine
FNDA:0,deleteWeekRoutine
DA:1,1
DA:4,1
DA:6,1
DA:7,1
DA:8,1
DA:11,1
DA:13,0
DA:14,0
DA:16,0
DA:21,1
DA:22,0
DA:23,0
DA:26,0
DA:28,0
DA:29,0
DA:31,0
DA:36,1
DA:37,1
DA:38,1
DA:39,1
DA:40,0
DA:42,1
DA:44,0
DA:45,0
DA:47,0
DA:52,1
DA:53,0
DA:54,0
DA:58,0
DA:59,0
DA:62,0
DA:63,0
DA:65,0
DA:71,1
DA:72,0
DA:73,0
DA:74,0
DA:75,0
DA:77,0
DA:79,0
DA:80,0
DA:82,0
DA:86,1
DA:87,0
DA:88,0
DA:89,0
DA:90,0
DA:92,0
DA:94,0
DA:95,0
DA:97,0
LF:51
LH:15
BRDA:13,0,0,0
BRDA:13,0,1,0
BRDA:28,1,0,0
BRDA:28,1,1,0
BRDA:39,2,0,0
BRDA:44,3,0,0
BRDA:44,3,1,0
BRDA:58,4,0,0
BRDA:62,5,0,0
BRDA:62,5,1,0
BRDA:74,6,0,0
BRDA:79,7,0,0
BRDA:79,7,1,0
BRDA:89,8,0,0
BRDA:94,9,0,0
BRDA:94,9,1,0
BRF:16
BRH:0
end_of_record
TN:
SF:src\utils\bcrypt.ts
FN:3,hashPassword
FN:17,comparePasswords
FNF:2
FNH:2
FNDA:2,hashPassword
FNDA:1,comparePasswords
DA:1,1
DA:3,1
DA:4,2
DA:5,2
DA:6,2
DA:7,1
DA:9,1
DA:10,1
DA:12,0
DA:17,1
DA:21,1
DA:22,1
DA:23,1
DA:25,0
DA:26,0
DA:28,0
LF:16
LH:12
BRDA:9,0,0,1
BRDA:9,0,1,0
BRDA:25,1,0,0
BRDA:25,1,1,0
BRF:4
BRH:1
end_of_record
