TN:
SF:src\services\class-routine\class_routine.service.ts
FN:6,getDayRoutine
FN:21,getDayRoutines
FN:36,addDayRoutine
FN:52,updateDayRoutine
FN:72,deleteDayRoutine
FN:92,deleteWeekRoutine
FNF:6
FNH:6
FNDA:1,getDayRoutine
FNDA:1,getDayRoutines
FNDA:4,addDayRoutine
FNDA:1,updateDayRoutine
FNDA:3,deleteDayRoutine
FNDA:1,deleteWeekRoutine
DA:1,1
DA:4,1
DA:6,1
DA:7,1
DA:8,1
DA:11,1
DA:13,0
DA:14,0
DA:16,0
DA:21,1
DA:22,1
DA:23,1
DA:26,1
DA:28,0
DA:29,0
DA:31,0
DA:36,1
DA:37,4
DA:38,4
DA:39,4
DA:40,0
DA:42,4
DA:44,0
DA:45,0
DA:47,0
DA:52,1
DA:53,1
DA:54,1
DA:58,1
DA:59,0
DA:61,1
DA:63,0
DA:64,0
DA:66,0
DA:72,1
DA:73,3
DA:74,3
DA:75,3
DA:76,0
DA:78,3
DA:79,3
DA:80,0
DA:82,3
DA:84,0
DA:85,0
DA:87,0
DA:92,1
DA:93,1
DA:94,1
DA:95,1
DA:96,0
DA:98,1
DA:99,1
DA:100,0
DA:102,1
DA:104,0
DA:105,0
DA:107,0
LF:58
LH:34
BRDA:13,0,0,0
BRDA:13,0,1,0
BRDA:28,1,0,0
BRDA:28,1,1,0
BRDA:39,2,0,0
BRDA:44,3,0,0
BRDA:44,3,1,0
BRDA:58,4,0,0
BRDA:63,5,0,0
BRDA:63,5,1,0
BRDA:75,6,0,0
BRDA:79,7,0,0
BRDA:84,8,0,0
BRDA:84,8,1,0
BRDA:95,9,0,0
BRDA:99,10,0,0
BRDA:104,11,0,0
BRDA:104,11,1,0
BRF:18
BRH:0
end_of_record
TN:
SF:src\utils\bcrypt.ts
FN:3,hashPassword
FN:17,comparePasswords
FNF:2
FNH:2
FNDA:2,hashPassword
FNDA:1,comparePasswords
DA:1,1
DA:3,1
DA:4,2
DA:5,2
DA:6,2
DA:7,1
DA:9,1
DA:10,1
DA:12,0
DA:17,1
DA:21,1
DA:22,1
DA:23,1
DA:25,0
DA:26,0
DA:28,0
LF:16
LH:12
BRDA:9,0,0,1
BRDA:9,0,1,0
BRDA:25,1,0,0
BRDA:25,1,1,0
BRF:4
BRH:1
end_of_record
